<?xml version="1.0" encoding="UTF-8"?>
<testng-results skipped="0" failed="0" ignored="0" total="4" passed="4">
  <reporter-output>
  </reporter-output>
  <suite name="Suite" duration-ms="74" started-at="2019-01-25T08:47:47 GMT" finished-at="2019-01-25T08:47:47 GMT">
    <groups>
    </groups>
    <test name="Test" duration-ms="74" started-at="2019-01-25T08:47:47 GMT" finished-at="2019-01-25T08:47:47 GMT">
      <class name="firstMavenProject.AppiumTest">
        <test-method status="PASS" signature="IOSapps()[pri:0, instance:firstMavenProject.AppiumTest@2344fc66]" name="IOSapps" duration-ms="9" started-at="2019-01-25T08:47:47 GMT" finished-at="2019-01-25T08:47:47 GMT">
          <reporter-output>
          </reporter-output>
        </test-method> <!-- IOSapps -->
        <test-method status="PASS" signature="nativeAPPandroid()[pri:0, instance:firstMavenProject.AppiumTest@2344fc66]" name="nativeAPPandroid" duration-ms="1" started-at="2019-01-25T08:47:47 GMT" finished-at="2019-01-25T08:47:47 GMT">
          <reporter-output>
          </reporter-output>
        </test-method> <!-- nativeAPPandroid -->
      </class> <!-- firstMavenProject.AppiumTest -->
      <class name="firstMavenProject.restAPITest">
        <test-method status="PASS" signature="DeleteTWITTER()[pri:0, instance:firstMavenProject.restAPITest@458ad742]" name="DeleteTWITTER" duration-ms="3" started-at="2019-01-25T08:47:47 GMT" finished-at="2019-01-25T08:47:47 GMT">
          <reporter-output>
          </reporter-output>
        </test-method> <!-- DeleteTWITTER -->
        <test-method status="PASS" signature="postJIRA()[pri:0, instance:firstMavenProject.restAPITest@458ad742]" name="postJIRA" duration-ms="1" started-at="2019-01-25T08:47:47 GMT" finished-at="2019-01-25T08:47:47 GMT">
          <reporter-output>
          </reporter-output>
        </test-method> <!-- postJIRA -->
      </class> <!-- firstMavenProject.restAPITest -->
    </test> <!-- Test -->
  </suite> <!-- Suite -->
</testng-results>
