<?xml version="1.0" encoding="UTF-8"?>
<!-- Generated by org.testng.reporters.JUnitXMLReporter -->
<testsuite hostname="Sinans-MacBook-Air.local" ignored="0" name="Test" tests="4" failures="0" timestamp="2019-01-25T08:47:47 GMT" time="0.074" errors="0">
  <testcase name="IOSapps" time="0.009" classname="firstMavenProject.AppiumTest"/>
  <testcase name="nativeAPPandroid" time="0.001" classname="firstMavenProject.AppiumTest"/>
  <testcase name="DeleteTWITTER" time="0.003" classname="firstMavenProject.restAPITest"/>
  <testcase name="postJIRA" time="0.001" classname="firstMavenProject.restAPITest"/>
</testsuite> <!-- Test -->
