<?xml version="1.0" encoding="UTF-8"?>
<!-- Generated by org.testng.reporters.JUnitXMLReporter -->
<testsuite hostname="Sinans-MacBook-Air.local" ignored="0" name="Command line test" tests="6" failures="0" timestamp="2019-01-25T08:47:09 GMT" time="0.117" errors="0">
  <testcase name="IOSapps" time="0.009" classname="firstMavenProject.AppiumTest"/>
  <testcase name="nativeAPPandroid" time="0.0" classname="firstMavenProject.AppiumTest"/>
  <testcase name="browserAutomation" time="0.001" classname="firstMavenProject.SeleniumTest"/>
  <testcase name="elementsUI" time="0.0" classname="firstMavenProject.SeleniumTest"/>
  <testcase name="DeleteTWITTER" time="0.0" classname="firstMavenProject.restAPITest"/>
  <testcase name="postJIRA" time="0.0" classname="firstMavenProject.restAPITest"/>
</testsuite> <!-- Command line test -->
